Some weights of the model checkpoint at /home/zhengf_lab/cse12210702/.cache/huggingface/transformers/bert-base-uncased were not used when initializing BertModel: ['bert.encoder.layer.8.attention.self.key.bias', 'bert.encoder.layer.6.attention.self.value.bias', 'bert.encoder.layer.10.attention.output.dense.weight', 'bert.encoder.layer.4.attention.self.query.bias', 'bert.encoder.layer.4.output.LayerNorm.bias', 'bert.encoder.layer.4.output.LayerNorm.weight', 'bert.encoder.layer.11.attention.self.key.bias', 'bert.encoder.layer.10.attention.output.LayerNorm.weight', 'bert.encoder.layer.6.attention.self.query.weight', 'bert.encoder.layer.7.attention.self.key.bias', 'bert.encoder.layer.4.output.dense.bias', 'bert.encoder.layer.10.attention.self.key.bias', 'bert.encoder.layer.6.attention.output.dense.weight', 'cls.predictions.transform.dense.bias', 'bert.encoder.layer.7.attention.output.dense.weight', 'bert.encoder.layer.7.output.dense.bias', 'bert.encoder.layer.10.attention.self.query.weight', 'bert.encoder.layer.4.attention.self.key.bias', 'bert.encoder.layer.6.attention.output.LayerNorm.bias', 'cls.predictions.bias', 'bert.encoder.layer.4.attention.self.value.bias', 'bert.encoder.layer.4.attention.output.LayerNorm.weight', 'cls.predictions.transform.dense.weight', 'bert.encoder.layer.4.output.dense.weight', 'bert.encoder.layer.8.attention.self.value.weight', 'bert.encoder.layer.9.output.dense.bias', 'bert.encoder.layer.5.intermediate.dense.weight', 'bert.encoder.layer.10.output.dense.bias', 'bert.encoder.layer.10.output.LayerNorm.weight', 'bert.encoder.layer.5.attention.self.query.bias', 'bert.encoder.layer.10.intermediate.dense.bias', 'bert.encoder.layer.9.intermediate.dense.weight', 'bert.encoder.layer.7.output.LayerNorm.weight', 'bert.encoder.layer.9.attention.self.key.weight', 'bert.encoder.layer.10.attention.self.query.bias', 'bert.encoder.layer.10.output.dense.weight', 'bert.encoder.layer.8.attention.output.LayerNorm.weight', 'bert.encoder.layer.11.output.dense.bias', 'bert.encoder.layer.4.intermediate.dense.weight', 'bert.encoder.layer.10.attention.self.key.weight', 'bert.encoder.layer.7.attention.output.dense.bias', 'bert.encoder.layer.5.output.LayerNorm.bias', 'bert.encoder.layer.6.intermediate.dense.bias', 'bert.encoder.layer.10.attention.output.LayerNorm.bias', 'bert.encoder.layer.10.output.LayerNorm.bias', 'bert.encoder.layer.11.output.LayerNorm.bias', 'bert.encoder.layer.9.output.dense.weight', 'bert.encoder.layer.9.output.LayerNorm.weight', 'bert.encoder.layer.5.attention.self.key.weight', 'bert.encoder.layer.6.output.dense.bias', 'cls.seq_relationship.weight', 'bert.encoder.layer.5.attention.output.LayerNorm.weight', 'bert.encoder.layer.8.attention.self.query.weight', 'bert.encoder.layer.11.attention.output.dense.bias', 'cls.seq_relationship.bias', 'bert.encoder.layer.7.attention.self.value.weight', 'bert.encoder.layer.8.attention.output.dense.weight', 'bert.encoder.layer.8.output.LayerNorm.bias', 'bert.encoder.layer.4.attention.self.query.weight', 'bert.encoder.layer.9.attention.output.dense.weight', 'bert.encoder.layer.4.attention.self.value.weight', 'bert.encoder.layer.11.attention.self.value.bias', 'bert.encoder.layer.6.attention.self.query.bias', 'bert.encoder.layer.10.attention.output.dense.bias', 'cls.predictions.transform.LayerNorm.bias', 'cls.predictions.transform.LayerNorm.weight', 'bert.encoder.layer.5.attention.output.dense.bias', 'bert.encoder.layer.9.attention.output.dense.bias', 'bert.encoder.layer.6.output.LayerNorm.bias', 'bert.encoder.layer.9.attention.self.value.weight', 'bert.encoder.layer.4.attention.output.dense.weight', 'bert.encoder.layer.8.output.dense.weight', 'bert.encoder.layer.11.attention.output.dense.weight', 'bert.encoder.layer.11.intermediate.dense.weight', 'bert.encoder.layer.5.attention.self.query.weight', 'bert.encoder.layer.6.output.dense.weight', 'bert.encoder.layer.5.intermediate.dense.bias', 'bert.encoder.layer.4.intermediate.dense.bias', 'bert.encoder.layer.5.attention.output.LayerNorm.bias', 'bert.encoder.layer.8.output.LayerNorm.weight', 'bert.encoder.layer.9.attention.self.query.weight', 'bert.encoder.layer.8.intermediate.dense.weight', 'bert.encoder.layer.4.attention.output.dense.bias', 'bert.encoder.layer.9.intermediate.dense.bias', 'bert.encoder.layer.8.attention.self.value.bias', 'bert.encoder.layer.7.attention.self.query.weight', 'bert.encoder.layer.4.attention.self.key.weight', 'bert.encoder.layer.7.attention.self.value.bias', 'bert.encoder.layer.6.attention.output.LayerNorm.weight', 'bert.encoder.layer.7.attention.output.LayerNorm.bias', 'bert.encoder.layer.8.attention.self.query.bias', 'bert.encoder.layer.5.attention.output.dense.weight', 'bert.encoder.layer.7.attention.self.query.bias', 'bert.encoder.layer.11.attention.self.query.bias', 'bert.encoder.layer.10.attention.self.value.weight', 'bert.encoder.layer.7.output.LayerNorm.bias', 'bert.encoder.layer.7.attention.self.key.weight', 'bert.encoder.layer.7.output.dense.weight', 'bert.encoder.layer.9.attention.output.LayerNorm.bias', 'cls.predictions.decoder.weight', 'bert.encoder.layer.8.attention.output.dense.bias', 'bert.encoder.layer.8.output.dense.bias', 'bert.encoder.layer.5.attention.self.key.bias', 'bert.encoder.layer.5.attention.self.value.weight', 'bert.encoder.layer.5.output.LayerNorm.weight', 'bert.encoder.layer.5.attention.self.value.bias', 'bert.encoder.layer.6.output.LayerNorm.weight', 'bert.encoder.layer.5.output.dense.weight', 'bert.encoder.layer.8.attention.output.LayerNorm.bias', 'bert.encoder.layer.11.output.dense.weight', 'bert.encoder.layer.8.attention.self.key.weight', 'bert.encoder.layer.11.intermediate.dense.bias', 'bert.encoder.layer.9.attention.self.query.bias', 'bert.encoder.layer.7.attention.output.LayerNorm.weight', 'bert.encoder.layer.11.attention.output.LayerNorm.bias', 'bert.encoder.layer.9.attention.self.key.bias', 'bert.encoder.layer.4.attention.output.LayerNorm.bias', 'bert.encoder.layer.11.attention.self.query.weight', 'bert.encoder.layer.6.attention.self.value.weight', 'bert.encoder.layer.6.attention.self.key.weight', 'bert.encoder.layer.7.intermediate.dense.bias', 'bert.encoder.layer.10.intermediate.dense.weight', 'bert.encoder.layer.11.output.LayerNorm.weight', 'bert.encoder.layer.6.attention.output.dense.bias', 'bert.encoder.layer.11.attention.self.value.weight', 'bert.encoder.layer.11.attention.self.key.weight', 'bert.encoder.layer.9.attention.output.LayerNorm.weight', 'bert.encoder.layer.6.attention.self.key.bias', 'bert.encoder.layer.5.output.dense.bias', 'bert.encoder.layer.8.intermediate.dense.bias', 'bert.encoder.layer.7.intermediate.dense.weight', 'bert.encoder.layer.10.attention.self.value.bias', 'bert.encoder.layer.9.attention.self.value.bias', 'bert.encoder.layer.11.attention.output.LayerNorm.weight', 'bert.encoder.layer.9.output.LayerNorm.bias', 'bert.encoder.layer.6.intermediate.dense.weight']
- This IS expected if you are initializing BertModel from the checkpoint of a model trained on another task or with another architecture (e.g. initializing a BertForSequenceClassification model from a BertForPreTraining model).
- This IS NOT expected if you are initializing BertModel from the checkpoint of a model that you expect to be exactly identical (initializing a BertForSequenceClassification model from a BertForSequenceClassification model).
Traceback (most recent call last):
  File "run.py", line 16, in <module>
    pipeline.run_all()
  File "/home/zhengf_lab/cse12210702/3D-VisTA-0815/pipeline/pipeline.py", line 33, in run_all
    self.run()
  File "/home/zhengf_lab/cse12210702/3D-VisTA-0815/pipeline/pipeline.py", line 219, in run
    self.eval(epoch)
  File "/home/zhengf_lab/cse12210702/3D-VisTA-0815/pipeline/pipeline.py", line 274, in eval
    return self.eval_qa(epoch)
  File "/home/zhengf_lab/cse12210702/3D-VisTA-0815/pipeline/pipeline_mixin.py", line 219, in eval_qa
    for i, data_dict in enumerate(tqdm(self.test_data_loader, file=tqdm_out)):
  File "/home/zhengf_lab/cse12210702/.conda/envs/3dvista/lib/python3.8/site-packages/tqdm/std.py", line 1178, in __iter__
    for obj in iterable:
  File "/home/zhengf_lab/cse12210702/.conda/envs/3dvista/lib/python3.8/site-packages/torch/utils/data/dataloader.py", line 681, in __next__
    data = self._next_data()
  File "/home/zhengf_lab/cse12210702/.conda/envs/3dvista/lib/python3.8/site-packages/torch/utils/data/dataloader.py", line 1376, in _next_data
    return self._process_data(data)
  File "/home/zhengf_lab/cse12210702/.conda/envs/3dvista/lib/python3.8/site-packages/torch/utils/data/dataloader.py", line 1402, in _process_data
    data.reraise()
  File "/home/zhengf_lab/cse12210702/.conda/envs/3dvista/lib/python3.8/site-packages/torch/_utils.py", line 461, in reraise
    raise exception
KeyError: Caught KeyError in DataLoader worker process 0.
Original Traceback (most recent call last):
  File "/home/zhengf_lab/cse12210702/.conda/envs/3dvista/lib/python3.8/site-packages/torch/utils/data/_utils/worker.py", line 302, in _worker_loop
    data = fetcher.fetch(index)
  File "/home/zhengf_lab/cse12210702/.conda/envs/3dvista/lib/python3.8/site-packages/torch/utils/data/_utils/fetch.py", line 49, in fetch
    data = [self.dataset[idx] for idx in possibly_batched_index]
  File "/home/zhengf_lab/cse12210702/.conda/envs/3dvista/lib/python3.8/site-packages/torch/utils/data/_utils/fetch.py", line 49, in <listcomp>
    data = [self.dataset[idx] for idx in possibly_batched_index]
  File "/home/zhengf_lab/cse12210702/3D-VisTA-0815/dataset/data_wrapper.py", line 31, in __getitem__
    data_dict = self.dataset[idx]
  File "/home/zhengf_lab/cse12210702/3D-VisTA-0815/dataset/scanqa.py", line 173, in __getitem__
    obj_pcds = deepcopy(self.scans[scan_id]['pcds']) # N, 6
KeyError: 'pcds'

